VirtualBox COM Server 5.2.36 r135684 win.amd64 (Feb 23 2020 13:36:23) release log
00:00:00.010993 main     Log opened 2023-08-13T13:28:23.141536600Z
00:00:00.010993 main     Build Type: release
00:00:00.010993 main     OS Product: Windows 10
00:00:00.010993 main     OS Release: 10.0.19045
00:00:00.010993 main     OS Service Pack: 
00:00:00.059964 main     DMI Product Name: 80RK
00:00:00.081983 main     DMI Product Version: Lenovo ideapad 100-14IBD
00:00:00.081983 main     Host RAM: 4013MB (3.9GB) total, 1294MB available
00:00:00.081983 main     Executable: C:\Program Files (x86)\Bignox\BigNoxVM\RT\NoxVMSVC.exe
00:00:00.081983 main     Process ID: 7336
00:00:00.081983 main     Package type: WINDOWS_64BITS_GENERIC (OSE)
00:00:00.258327          VirtualBox: object creation starts
00:00:00.259326          Home directory: 'C:\Users\TrinhTV\.BigNox'
00:00:00.259326          Installed Drivers:
00:00:00.272317          Loading settings file "C:\Users\TrinhTV\.BigNox\BigNoxVM.xml" with version "1.12-windows"
00:00:00.273317          USBLibInit: USB Service not found
00:00:00.428257          netIfGetBoundAdapters: could not find either 'oracle_VBoxNetLwf' or 'sun_VBoxNetFlt' components (0x1)
00:00:00.458241          HostDnsMonitor::updateInfo
00:00:00.458241          HostDnsMonitor: old information
00:00:00.458241            no server entries
00:00:00.458241            no domain set
00:00:00.458241            no search string entries
00:00:00.458241          HostDnsMonitor: new information
00:00:00.458241            server 1: 192.168.0.1
00:00:00.458241            no domain set
00:00:00.458241            no search string entries
00:00:00.458241          SUPR0QueryVTCaps -> VERR_VMX_MSR_ALL_VMX_DISABLED
00:00:00.459241          VD: VDInit finished with VINF_SUCCESS
00:00:00.460240          ERROR [COM]: aRC=E_FAIL (0x80004005) aIID={88888888-495e-5a36-8890-29999b5f030c} aComponent={SystemPropertiesWrap} aText={Cannot determine default Guest Additions ISO location. Most likely they are not available}, preserve=false aResultDetail=0
00:00:00.463237          Loading settings file "C:\Program Files (x86)\Nox\bin\data\base7\base7.vbox" with version "1.15-windows"
00:00:00.468236          Loading settings file "C:\Program Files (x86)\Nox\bin\BignoxVMS\nox\nox.vbox" with version "1.15-windows"
00:00:00.470235          VirtualBox: object created
00:00:00.984241          Saving settings file "C:\Program Files (x86)\Nox\bin\BignoxVMS\nox\nox.vbox" with version "1.15-windows"
00:00:01.273587          Saving settings file "C:\Program Files (x86)\Nox\bin\BignoxVMS\nox\nox.vbox" with version "1.15-windows"
00:00:01.956485          Saving settings file "C:\Program Files (x86)\Nox\bin\BignoxVMS\nox\nox.vbox" with version "1.15-windows"
00:00:02.061478          Saving settings file "C:\Program Files (x86)\Nox\bin\BignoxVMS\nox\nox.vbox" with version "1.15-windows"
00:00:02.218392          Saving settings file "C:\Program Files (x86)\Nox\bin\BignoxVMS\nox\nox.vbox" with version "1.15-windows"
00:00:02.340319          Saving settings file "C:\Program Files (x86)\Nox\bin\BignoxVMS\nox\nox.vbox" with version "1.15-windows"
00:00:02.453261          Saving settings file "C:\Program Files (x86)\Nox\bin\BignoxVMS\nox\nox.vbox" with version "1.15-windows"
00:00:02.645463          Saving settings file "C:\Program Files (x86)\Nox\bin\BignoxVMS\nox\nox.vbox" with version "1.15-windows"
00:00:02.731927          Saving settings file "C:\Program Files (x86)\Nox\bin\BignoxVMS\nox\nox.vbox" with version "1.15-windows"
00:00:02.815880          Saving settings file "C:\Program Files (x86)\Nox\bin\BignoxVMS\nox\nox.vbox" with version "1.15-windows"
00:00:02.912824          Saving settings file "C:\Program Files (x86)\Nox\bin\BignoxVMS\nox\nox.vbox" with version "1.15-windows"
00:00:03.020274          Saving settings file "C:\Program Files (x86)\Nox\bin\BignoxVMS\nox\nox.vbox" with version "1.15-windows"
00:00:03.112225          Saving settings file "C:\Program Files (x86)\Nox\bin\BignoxVMS\nox\nox.vbox" with version "1.15-windows"
00:00:03.277128          Saving settings file "C:\Program Files (x86)\Nox\bin\BignoxVMS\nox\nox.vbox" with version "1.15-windows"
00:00:03.459023          Saving settings file "C:\Program Files (x86)\Nox\bin\BignoxVMS\nox\nox.vbox" with version "1.15-windows"
00:00:03.570962          Saving settings file "C:\Program Files (x86)\Nox\bin\BignoxVMS\nox\nox.vbox" with version "1.15-windows"
00:00:04.002170          Saving settings file "C:\Program Files (x86)\Nox\bin\BignoxVMS\nox\nox.vbox" with version "1.15-windows"
00:00:05.714373          WARNING [COM]: aRC=E_FAIL (0x80004005) aIID={88888888-4477-787d-60b2-3fa70e56fbbc} aComponent={HostWrap} aText={Could not load the Host USB Proxy Service (VERR_FILE_NOT_FOUND). The service might not be installed on the host computer}, preserve=true  aResultDetail=0
00:02:45.951904          netIfGetBoundAdapters: could not find either 'oracle_VBoxNetLwf' or 'sun_VBoxNetFlt' components (0x1)
00:06:05.499776          Saving settings file "C:\Program Files (x86)\Nox\bin\BignoxVMS\nox\nox.vbox" with version "1.15-windows"
00:06:11.450087 main     VirtualBox: object deletion starts
00:06:11.451756 main     ERROR [COM]: aRC=VBOX_E_OBJECT_IN_USE (0x80bb000c) aIID={88888888-43e0-e9d0-82e8-ceb307940dda} aComponent={MediumWrap} aText={Medium 'C:\Program Files (x86)\Nox\bin\data\base7\Snapshots/{bc7ae29d-5ad1-4026-bc97-e60d6ada3eb8}.vmdk' cannot be closed because it is still attached to 1 virtual machines}, preserve=false aResultDetail=0
00:06:11.453733 main     ERROR [COM]: aRC=VBOX_E_OBJECT_IN_USE (0x80bb000c) aIID={88888888-43e0-e9d0-82e8-ceb307940dda} aComponent={MediumWrap} aText={Medium 'C:\Program Files (x86)\Nox\bin\BignoxVMS\nox\Snapshots\{9b2a81ce-1121-4f92-9dbd-affb67da0baf}.vmdk' cannot be closed because it is still attached to 1 virtual machines}, preserve=false aResultDetail=0
00:06:11.453733 main     ERROR [COM]: aRC=VBOX_E_OBJECT_IN_USE (0x80bb000c) aIID={88888888-43e0-e9d0-82e8-ceb307940dda} aComponent={MediumWrap} aText={Medium 'C:\Program Files (x86)\Nox\bin\data\base7\base7-disk1.vmdk' cannot be closed because it is still attached to 1 virtual machines}, preserve=false aResultDetail=0
00:06:11.455729 main     ERROR [COM]: aRC=VBOX_E_OBJECT_IN_USE (0x80bb000c) aIID={88888888-43e0-e9d0-82e8-ceb307940dda} aComponent={MediumWrap} aText={Medium 'C:\Program Files (x86)\Nox\bin\BignoxVMS\nox\nox-disk2.vmdk' cannot be closed because it is still attached to 1 virtual machines}, preserve=false aResultDetail=0
00:06:11.462726 Watcher  ERROR [COM]: aRC=E_ACCESSDENIED (0x80070005) aIID={88888888-f1a1-448a-10c5-e12f5285adad} aComponent={VirtualBoxWrap} aText={The object is not ready}, preserve=false aResultDetail=0
00:06:11.463743 main     VirtualBox: object deleted
